<?xml version="1.0" encoding="UTF-8"?>
<testng-results ignored="0" total="1" passed="1" failed="0" skipped="0">
  <reporter-output>
  </reporter-output>
  <suite started-at="2020-01-24T16:15:58 EST" name="Default suite" finished-at="2020-01-24T16:15:58 EST" duration-ms="53">
    <groups>
    </groups>
    <test started-at="2020-01-24T16:15:58 EST" name="Default test" finished-at="2020-01-24T16:15:58 EST" duration-ms="53">
      <class name="test_fj.inu1">
        <test-method is-config="true" signature="beforeSuite()[pri:0, instance:test_fj.inu1@197d671]" started-at="2020-01-24T16:15:58 EST" name="beforeSuite" finished-at="2020-01-24T16:15:58 EST" duration-ms="18" status="PASS">
          <reporter-output>
          </reporter-output>
        </test-method> <!-- beforeSuite -->
        <test-method signature="f()[pri:0, instance:test_fj.inu1@197d671]" started-at="2020-01-24T16:15:58 EST" name="f" finished-at="2020-01-24T16:15:58 EST" duration-ms="7" status="PASS">
          <reporter-output>
          </reporter-output>
        </test-method> <!-- f -->
        <test-method is-config="true" signature="afterSuite()[pri:0, instance:test_fj.inu1@197d671]" started-at="2020-01-24T16:15:58 EST" name="afterSuite" finished-at="2020-01-24T16:15:58 EST" duration-ms="0" status="PASS">
          <reporter-output>
          </reporter-output>
        </test-method> <!-- afterSuite -->
      </class> <!-- test_fj.inu1 -->
    </test> <!-- Default test -->
  </suite> <!-- Default suite -->
</testng-results>
